<?xml version="1.0" encoding="UTF-8" ?>
<testsuite tests="5" failures="0" name="com.re.vendingmachine.dao.VendingMachineDaoTest" time="0.104" errors="0" skipped="0">
  <properties>
    <property name="java.runtime.name" value="OpenJDK Runtime Environment"/>
    <property name="java.vm.version" value="11.0.8+10"/>
    <property name="sun.boot.library.path" value="C:\Program Files\AdoptOpenJDK\jdk-11.0.8.10-hotspot\bin"/>
    <property name="maven.multiModuleProjectDirectory" value="E:\Documents\repos\java-dal-0120-robert1311\Classwork\m3-IntermediateJava\Assessment\VendingMachine"/>
    <property name="java.vm.vendor" value="AdoptOpenJDK"/>
    <property name="java.vendor.url" value="https://adoptopenjdk.net/"/>
    <property name="guice.disable.misplaced.annotation.check" value="true"/>
    <property name="path.separator" value=";"/>
    <property name="java.vm.name" value="OpenJDK 64-Bit Server VM"/>
    <property name="sun.os.patch.level" value=""/>
    <property name="user.script" value=""/>
    <property name="user.country" value="US"/>
    <property name="sun.java.launcher" value="SUN_STANDARD"/>
    <property name="test" value="com.re.vendingmachine.dao.VendingMachineDaoTest"/>
    <property name="java.vm.specification.name" value="Java Virtual Machine Specification"/>
    <property name="user.dir" value="E:\Documents\repos\java-dal-0120-robert1311\Classwork\m3-IntermediateJava\Assessment\VendingMachine"/>
    <property name="java.vm.compressedOopsMode" value="Zero based"/>
    <property name="java.runtime.version" value="11.0.8+10"/>
    <property name="java.awt.graphicsenv" value="sun.awt.Win32GraphicsEnvironment"/>
    <property name="os.arch" value="amd64"/>
    <property name="java.io.tmpdir" value="C:\Users\rober\AppData\Local\Temp\"/>
    <property name="line.separator" value="
"/>
    <property name="java.vm.specification.vendor" value="Oracle Corporation"/>
    <property name="user.variant" value=""/>
    <property name="os.name" value="Windows 10"/>
    <property name="maven.ext.class.path" value="C:\Users\rober\Documents\netbeans\java\maven-nblib\netbeans-eventspy.jar"/>
    <property name="classworlds.conf" value="C:\Users\rober\Documents\netbeans\java\maven\bin\m2.conf"/>
    <property name="sun.jnu.encoding" value="Cp1252"/>
    <property name="java.library.path" value="C:\Program Files\AdoptOpenJDK\jdk-11.0.8.10-hotspot\bin;C:\windows\Sun\Java\bin;C:\windows\system32;C:\windows;C:\Program Files\AdoptOpenJDK\jdk-11.0.8.10-hotspot\bin;C:\windows\system32;C:\windows;C:\windows\System32\Wbem;C:\windows\System32\WindowsPowerShell\v1.0\;C:\windows\System32\OpenSSH\;C:\Program Files\Git\cmd;C:\Users\rober\AppData\Local\Microsoft\WindowsApps;;."/>
    <property name="jdk.debug" value="release"/>
    <property name="java.class.version" value="55.0"/>
    <property name="java.specification.name" value="Java Platform API Specification"/>
    <property name="sun.management.compiler" value="HotSpot 64-Bit Tiered Compilers"/>
    <property name="os.version" value="10.0"/>
    <property name="user.home" value="C:\Users\rober"/>
    <property name="user.timezone" value="America/Chicago"/>
    <property name="java.awt.printerjob" value="sun.awt.windows.WPrinterJob"/>
    <property name="file.encoding" value="UTF-8"/>
    <property name="java.specification.version" value="11"/>
    <property name="user.name" value="rober"/>
    <property name="java.class.path" value="C:\Users\rober\Documents\netbeans\java\maven\boot\plexus-classworlds-2.5.2.jar"/>
    <property name="java.vm.specification.version" value="11"/>
    <property name="sun.arch.data.model" value="64"/>
    <property name="sun.java.command" value="org.codehaus.plexus.classworlds.launcher.Launcher -Dtest=com.re.vendingmachine.dao.VendingMachineDaoTest -Dmaven.ext.class.path=C:\Users\rober\Documents\netbeans\java\maven-nblib\netbeans-eventspy.jar -Dfile.encoding=UTF-8 surefire:test"/>
    <property name="java.home" value="C:\Program Files\AdoptOpenJDK\jdk-11.0.8.10-hotspot"/>
    <property name="user.language" value="en"/>
    <property name="java.specification.vendor" value="Oracle Corporation"/>
    <property name="awt.toolkit" value="sun.awt.windows.WToolkit"/>
    <property name="java.vm.info" value="mixed mode"/>
    <property name="java.version" value="11.0.8"/>
    <property name="java.vendor" value="AdoptOpenJDK"/>
    <property name="maven.home" value="C:\Users\rober\Documents\netbeans\java\maven"/>
    <property name="file.separator" value="\"/>
    <property name="java.version.date" value="2020-07-14"/>
    <property name="java.vendor.url.bug" value="https://github.com/AdoptOpenJDK/openjdk-support/issues"/>
    <property name="sun.io.unicode.encoding" value="UnicodeLittle"/>
    <property name="sun.cpu.endian" value="little"/>
    <property name="java.vendor.version" value="AdoptOpenJDK"/>
    <property name="sun.desktop" value="windows"/>
    <property name="sun.cpu.isalist" value="amd64"/>
  </properties>
  <testcase classname="com.re.vendingmachine.dao.VendingMachineDaoTest" name="com.re.vendingmachine.dao.VendingMachineDaoTest.testAddGetItem" time="0.001"/>
  <testcase classname="com.re.vendingmachine.dao.VendingMachineDaoTest" name="com.re.vendingmachine.dao.VendingMachineDaoTest.testWriteInventory" time="0.098"/>
  <testcase classname="com.re.vendingmachine.dao.VendingMachineDaoTest" name="com.re.vendingmachine.dao.VendingMachineDaoTest.testLoadInventory" time="0.005"/>
  <testcase classname="com.re.vendingmachine.dao.VendingMachineDaoTest" name="com.re.vendingmachine.dao.VendingMachineDaoTest.testRemoveItem" time="0"/>
  <testcase classname="com.re.vendingmachine.dao.VendingMachineDaoTest" name="com.re.vendingmachine.dao.VendingMachineDaoTest.testGetFullItemList" time="0"/>
</testsuite>