<?xml version="1.0" encoding="UTF-8"?>
<testsuite xmlns:xsi="http://www.w3.org/2001/XMLSchema-instance" xsi:noNamespaceSchemaLocation="https://maven.apache.org/surefire/maven-surefire-plugin/xsd/surefire-test-report.xsd" name="com.re.bracket.dao.TournamentDaoTest" time="0.038" tests="23" errors="0" skipped="0" failures="0">
  <properties>
    <property name="sun.desktop" value="windows"/>
    <property name="awt.toolkit" value="sun.awt.windows.WToolkit"/>
    <property name="java.specification.version" value="11"/>
    <property name="sun.cpu.isalist" value="amd64"/>
    <property name="sun.jnu.encoding" value="Cp1252"/>
    <property name="java.class.path" value="C:\Users\rober\OneDrive\Documents\NetBeansProjects\Bracket\target\test-classes;C:\Users\rober\OneDrive\Documents\NetBeansProjects\Bracket\target\classes;C:\Users\rober\.m2\repository\org\springframework\spring-context\4.3.4.RELEASE\spring-context-4.3.4.RELEASE.jar;C:\Users\rober\.m2\repository\org\springframework\spring-aop\4.3.4.RELEASE\spring-aop-4.3.4.RELEASE.jar;C:\Users\rober\.m2\repository\org\springframework\spring-beans\4.3.4.RELEASE\spring-beans-4.3.4.RELEASE.jar;C:\Users\rober\.m2\repository\org\springframework\spring-core\4.3.4.RELEASE\spring-core-4.3.4.RELEASE.jar;C:\Users\rober\.m2\repository\commons-logging\commons-logging\1.2\commons-logging-1.2.jar;C:\Users\rober\.m2\repository\org\springframework\spring-expression\4.3.4.RELEASE\spring-expression-4.3.4.RELEASE.jar;C:\Users\rober\.m2\repository\org\junit\jupiter\junit-jupiter-api\5.3.1\junit-jupiter-api-5.3.1.jar;C:\Users\rober\.m2\repository\org\apiguardian\apiguardian-api\1.0.0\apiguardian-api-1.0.0.jar;C:\Users\rober\.m2\repository\org\opentest4j\opentest4j\1.1.1\opentest4j-1.1.1.jar;C:\Users\rober\.m2\repository\org\junit\platform\junit-platform-commons\1.3.1\junit-platform-commons-1.3.1.jar;C:\Users\rober\.m2\repository\org\junit\jupiter\junit-jupiter-params\5.3.1\junit-jupiter-params-5.3.1.jar;C:\Users\rober\.m2\repository\org\junit\jupiter\junit-jupiter-engine\5.3.1\junit-jupiter-engine-5.3.1.jar;C:\Users\rober\.m2\repository\org\junit\platform\junit-platform-engine\1.3.1\junit-platform-engine-1.3.1.jar;"/>
    <property name="java.vm.vendor" value="AdoptOpenJDK"/>
    <property name="sun.arch.data.model" value="64"/>
    <property name="user.variant" value=""/>
    <property name="java.vendor.url" value="https://adoptopenjdk.net/"/>
    <property name="user.timezone" value=""/>
    <property name="java.vm.specification.version" value="11"/>
    <property name="os.name" value="Windows 10"/>
    <property name="user.country" value="US"/>
    <property name="sun.java.launcher" value="SUN_STANDARD"/>
    <property name="sun.boot.library.path" value="C:\Program Files\AdoptOpenJDK\jdk-11.0.8.10-hotspot\bin"/>
    <property name="sun.java.command" value="C:\Users\rober\AppData\Local\Temp\surefire18080502021484258353\surefirebooter1455026274880852715.jar C:\Users\rober\AppData\Local\Temp\surefire18080502021484258353 2020-10-15T19-34-27_462-jvmRun1 surefire16132604340779918904tmp surefire_017954299997248089319tmp"/>
    <property name="jdk.debug" value="release"/>
    <property name="surefire.test.class.path" value="C:\Users\rober\OneDrive\Documents\NetBeansProjects\Bracket\target\test-classes;C:\Users\rober\OneDrive\Documents\NetBeansProjects\Bracket\target\classes;C:\Users\rober\.m2\repository\org\springframework\spring-context\4.3.4.RELEASE\spring-context-4.3.4.RELEASE.jar;C:\Users\rober\.m2\repository\org\springframework\spring-aop\4.3.4.RELEASE\spring-aop-4.3.4.RELEASE.jar;C:\Users\rober\.m2\repository\org\springframework\spring-beans\4.3.4.RELEASE\spring-beans-4.3.4.RELEASE.jar;C:\Users\rober\.m2\repository\org\springframework\spring-core\4.3.4.RELEASE\spring-core-4.3.4.RELEASE.jar;C:\Users\rober\.m2\repository\commons-logging\commons-logging\1.2\commons-logging-1.2.jar;C:\Users\rober\.m2\repository\org\springframework\spring-expression\4.3.4.RELEASE\spring-expression-4.3.4.RELEASE.jar;C:\Users\rober\.m2\repository\org\junit\jupiter\junit-jupiter-api\5.3.1\junit-jupiter-api-5.3.1.jar;C:\Users\rober\.m2\repository\org\apiguardian\apiguardian-api\1.0.0\apiguardian-api-1.0.0.jar;C:\Users\rober\.m2\repository\org\opentest4j\opentest4j\1.1.1\opentest4j-1.1.1.jar;C:\Users\rober\.m2\repository\org\junit\platform\junit-platform-commons\1.3.1\junit-platform-commons-1.3.1.jar;C:\Users\rober\.m2\repository\org\junit\jupiter\junit-jupiter-params\5.3.1\junit-jupiter-params-5.3.1.jar;C:\Users\rober\.m2\repository\org\junit\jupiter\junit-jupiter-engine\5.3.1\junit-jupiter-engine-5.3.1.jar;C:\Users\rober\.m2\repository\org\junit\platform\junit-platform-engine\1.3.1\junit-platform-engine-1.3.1.jar;"/>
    <property name="sun.cpu.endian" value="little"/>
    <property name="user.home" value="C:\Users\rober"/>
    <property name="user.language" value="en"/>
    <property name="java.specification.vendor" value="Oracle Corporation"/>
    <property name="java.version.date" value="2020-07-14"/>
    <property name="java.home" value="C:\Program Files\AdoptOpenJDK\jdk-11.0.8.10-hotspot"/>
    <property name="file.separator" value="\"/>
    <property name="basedir" value="C:\Users\rober\OneDrive\Documents\NetBeansProjects\Bracket"/>
    <property name="java.vm.compressedOopsMode" value="Zero based"/>
    <property name="line.separator" value="&#10;"/>
    <property name="java.specification.name" value="Java Platform API Specification"/>
    <property name="java.vm.specification.vendor" value="Oracle Corporation"/>
    <property name="java.awt.graphicsenv" value="sun.awt.Win32GraphicsEnvironment"/>
    <property name="surefire.real.class.path" value="C:\Users\rober\AppData\Local\Temp\surefire18080502021484258353\surefirebooter1455026274880852715.jar"/>
    <property name="user.script" value=""/>
    <property name="sun.management.compiler" value="HotSpot 64-Bit Tiered Compilers"/>
    <property name="java.runtime.version" value="11.0.8+10"/>
    <property name="user.name" value="rober"/>
    <property name="path.separator" value=";"/>
    <property name="os.version" value="10.0"/>
    <property name="java.runtime.name" value="OpenJDK Runtime Environment"/>
    <property name="file.encoding" value="UTF-8"/>
    <property name="java.vm.name" value="OpenJDK 64-Bit Server VM"/>
    <property name="java.vendor.version" value="AdoptOpenJDK"/>
    <property name="maven.ext.class.path" value="C:\Users\rober\Documents\netbeans\java\maven-nblib\netbeans-eventspy.jar"/>
    <property name="localRepository" value="C:\Users\rober\.m2\repository"/>
    <property name="java.vendor.url.bug" value="https://github.com/AdoptOpenJDK/openjdk-support/issues"/>
    <property name="java.io.tmpdir" value="C:\Users\rober\AppData\Local\Temp\"/>
    <property name="java.version" value="11.0.8"/>
    <property name="user.dir" value="C:\Users\rober\OneDrive\Documents\NetBeansProjects\Bracket"/>
    <property name="os.arch" value="amd64"/>
    <property name="java.vm.specification.name" value="Java Virtual Machine Specification"/>
    <property name="java.awt.printerjob" value="sun.awt.windows.WPrinterJob"/>
    <property name="sun.os.patch.level" value=""/>
    <property name="java.library.path" value="C:\Program Files\AdoptOpenJDK\jdk-11.0.8.10-hotspot\bin;C:\WINDOWS\Sun\Java\bin;C:\WINDOWS\system32;C:\WINDOWS;C:\Program Files\AdoptOpenJDK\jdk-11.0.8.10-hotspot\bin;C:\WINDOWS\system32;C:\WINDOWS;C:\WINDOWS\System32\Wbem;C:\WINDOWS\System32\WindowsPowerShell\v1.0\;C:\WINDOWS\System32\OpenSSH\;C:\Program Files\Git\cmd;C:\Users\rober\AppData\Local\Microsoft\WindowsApps;;."/>
    <property name="java.vm.info" value="mixed mode"/>
    <property name="java.vendor" value="AdoptOpenJDK"/>
    <property name="java.vm.version" value="11.0.8+10"/>
    <property name="sun.io.unicode.encoding" value="UnicodeLittle"/>
    <property name="java.class.version" value="55.0"/>
  </properties>
  <testcase name="testWriteTournaments" classname="com.re.bracket.dao.TournamentDaoTest" time="0"/>
  <testcase name="testLoadGame" classname="com.re.bracket.dao.TournamentDaoTest" time="0"/>
  <testcase name="testLoadType" classname="com.re.bracket.dao.TournamentDaoTest" time="0"/>
  <testcase name="testLoadMatchUps" classname="com.re.bracket.dao.TournamentDaoTest" time="0"/>
  <testcase name="testGetAllGames" classname="com.re.bracket.dao.TournamentDaoTest" time="0.013"/>
  <testcase name="testRemoveTournament" classname="com.re.bracket.dao.TournamentDaoTest" time="0.006"/>
  <testcase name="testLoadSeries" classname="com.re.bracket.dao.TournamentDaoTest" time="0"/>
  <testcase name="testLoadS1Format" classname="com.re.bracket.dao.TournamentDaoTest" time="0"/>
  <testcase name="testWriteGame" classname="com.re.bracket.dao.TournamentDaoTest" time="0"/>
  <testcase name="testWriteType" classname="com.re.bracket.dao.TournamentDaoTest" time="0.001"/>
  <testcase name="testRemoveSeries" classname="com.re.bracket.dao.TournamentDaoTest" time="0.001"/>
  <testcase name="testGetAllTournaments" classname="com.re.bracket.dao.TournamentDaoTest" time="0"/>
  <testcase name="testWriteMatchUps" classname="com.re.bracket.dao.TournamentDaoTest" time="0"/>
  <testcase name="testRemoveGame" classname="com.re.bracket.dao.TournamentDaoTest" time="0"/>
  <testcase name="testGetAllSeries" classname="com.re.bracket.dao.TournamentDaoTest" time="0"/>
  <testcase name="testWriteSeries" classname="com.re.bracket.dao.TournamentDaoTest" time="0.002"/>
  <testcase name="testLoadParticipants" classname="com.re.bracket.dao.TournamentDaoTest" time="0"/>
  <testcase name="testAddGetGame" classname="com.re.bracket.dao.TournamentDaoTest" time="0"/>
  <testcase name="testWriteS1Format" classname="com.re.bracket.dao.TournamentDaoTest" time="0"/>
  <testcase name="testWriteParticipants" classname="com.re.bracket.dao.TournamentDaoTest" time="0"/>
  <testcase name="testLoadTournaments" classname="com.re.bracket.dao.TournamentDaoTest" time="0.001"/>
  <testcase name="testAddGetSeries" classname="com.re.bracket.dao.TournamentDaoTest" time="0.001"/>
  <testcase name="testAddGetTournament" classname="com.re.bracket.dao.TournamentDaoTest" time="0"/>
</testsuite>